<?xml version="1.0" encoding="UTF-8"?>
<testng-results ignored="0" total="1" passed="1" failed="0" skipped="0">
  <reporter-output>
  </reporter-output>
  <suite started-at="2022-10-11T20:22:17 IST" name="Suite" finished-at="2022-10-11T20:22:40 IST" duration-ms="22679">
    <groups>
    </groups>
    <test started-at="2022-10-11T20:22:17 IST" name="Dev" finished-at="2022-10-11T20:22:40 IST" duration-ms="22679">
      <class name="testNG.parameter">
        <test-method signature="Ex1(java.lang.String,java.lang.String)[pri:0, instance:testNG.parameter@5acf93bb]" started-at="2022-10-11T20:22:18 IST" name="Ex1" finished-at="2022-10-11T20:22:40 IST" duration-ms="22647" status="PASS">
          <params>
            <param index="0">
              <value>
                <![CDATA[Admin]]>
              </value>
            </param>
            <param index="1">
              <value>
                <![CDATA[admin123]]>
              </value>
            </param>
          </params>
          <reporter-output>
          </reporter-output>
        </test-method> <!-- Ex1 -->
      </class> <!-- testNG.parameter -->
    </test> <!-- Dev -->
  </suite> <!-- Suite -->
</testng-results>
